<?xml version="1.0" encoding="UTF-8"?>
<!-- Generated by org.testng.reporters.JUnitXMLReporter -->
<testsuite ignored="0" hostname="LAPTOP-V6I0AJ85" failures="0" tests="4" name="Surefire test" time="13.293" errors="0" timestamp="2023-10-21T13:06:29 IST">
  <testcase classname="api.test.UserTests" name="test_postUser" time="6.041"/>
  <testcase classname="api.test.UserTests" name="test_getUserByName" time="1.428"/>
  <testcase classname="api.test.UserTests" name="test_updateUserByname" time="2.884"/>
  <testcase classname="api.test.UserTests" name="test_deleteUser" time="1.344"/>
</testsuite> <!-- Surefire test -->
