<?xml version="1.0" encoding="UTF-8"?>
<!-- Generated by org.testng.reporters.JUnitXMLReporter -->
<testsuite ignored="0" hostname="LAPTOP-V6I0AJ85" failures="0" tests="4" name="Default test" time="12.014" errors="0" timestamp="2023-10-20T16:16:44 IST">
  <testcase classname="api.test.UserTests" name="test_postUser" time="6.523"/>
  <testcase classname="api.test.UserTests" name="test_getUserByName" time="1.318"/>
  <testcase classname="api.test.UserTests" name="test_updateUserByname" time="2.344"/>
  <testcase classname="api.test.UserTests" name="test_deleteUser" time="1.124"/>
</testsuite> <!-- Default test -->
