<?xml version="1.0" encoding="UTF-8"?>
<!-- Generated by org.testng.reporters.JUnitXMLReporter -->
<testsuite ignored="0" hostname="LAPTOP-V6I0AJ85" failures="4" tests="4" name="Test" time="10.824" errors="0" timestamp="2023-10-21T11:54:22 IST">
  <testcase classname="api.test.UserTests2" name="test_postUser" time="4.304">
    <failure type="java.lang.AssertionError" message="expected [200] but found [404]">
      <![CDATA[java.lang.AssertionError: expected [200] but found [404]
at api.test.UserTests2.test_postUser(UserTests2.java:54)
at java.base/java.util.ArrayList.forEach(ArrayList.java:1511)
... Removed 34 stack frames]]>
    </failure>
  </testcase> <!-- test_postUser -->
  <testcase classname="api.test.UserTests2" name="test_getUserByName" time="1.211">
    <failure type="java.lang.AssertionError" message="expected [200] but found [404]">
      <![CDATA[java.lang.AssertionError: expected [200] but found [404]
at api.test.UserTests2.test_getUserByName(UserTests2.java:69)
at java.base/java.util.ArrayList.forEach(ArrayList.java:1511)
... Removed 34 stack frames]]>
    </failure>
  </testcase> <!-- test_getUserByName -->
  <testcase classname="api.test.UserTests2" name="test_updateUserByname" time="2.587">
    <failure type="java.lang.AssertionError" message="expected [200] but found [404]">
      <![CDATA[java.lang.AssertionError: expected [200] but found [404]
at api.test.UserTests2.test_updateUserByname(UserTests2.java:86)
at java.base/java.util.ArrayList.forEach(ArrayList.java:1511)
... Removed 34 stack frames]]>
    </failure>
  </testcase> <!-- test_updateUserByname -->
  <testcase classname="api.test.UserTests2" name="test_deleteUser" time="1.099">
    <failure type="java.lang.AssertionError" message="expected [200] but found [404]">
      <![CDATA[java.lang.AssertionError: expected [200] but found [404]
at api.test.UserTests2.test_deleteUser(UserTests2.java:97)
at java.base/java.util.ArrayList.forEach(ArrayList.java:1511)
... Removed 34 stack frames]]>
    </failure>
  </testcase> <!-- test_deleteUser -->
</testsuite> <!-- Test -->
