<?xml version="1.0" encoding="UTF-8"?>
<testng-results ignored="0" total="4" passed="4" failed="0" skipped="0">
  <reporter-output>
  </reporter-output>
  <suite started-at="2023-10-21T13:06:15 IST" name="Surefire suite" finished-at="2023-10-21T13:06:29 IST" duration-ms="13293">
    <groups>
    </groups>
    <test started-at="2023-10-21T13:06:15 IST" name="Surefire test" finished-at="2023-10-21T13:06:29 IST" duration-ms="13293">
      <class name="api.test.UserTests">
        <test-method is-config="true" signature="setupData()[pri:0, instance:api.test.UserTests@16e7dcfd]" started-at="2023-10-21T13:06:15 IST" name="setupData" finished-at="2023-10-21T13:06:17 IST" duration-ms="1512" status="PASS">
          <reporter-output>
          </reporter-output>
        </test-method> <!-- setupData -->
        <test-method signature="test_postUser()[pri:1, instance:api.test.UserTests@16e7dcfd]" started-at="2023-10-21T13:06:17 IST" name="test_postUser" finished-at="2023-10-21T13:06:23 IST" duration-ms="6041" status="PASS">
          <reporter-output>
          </reporter-output>
        </test-method> <!-- test_postUser -->
        <test-method signature="test_getUserByName()[pri:2, instance:api.test.UserTests@16e7dcfd]" started-at="2023-10-21T13:06:23 IST" name="test_getUserByName" finished-at="2023-10-21T13:06:24 IST" duration-ms="1428" status="PASS">
          <reporter-output>
          </reporter-output>
        </test-method> <!-- test_getUserByName -->
        <test-method signature="test_updateUserByname()[pri:3, instance:api.test.UserTests@16e7dcfd]" started-at="2023-10-21T13:06:24 IST" name="test_updateUserByname" finished-at="2023-10-21T13:06:27 IST" duration-ms="2884" status="PASS">
          <reporter-output>
          </reporter-output>
        </test-method> <!-- test_updateUserByname -->
        <test-method signature="test_deleteUser()[pri:4, instance:api.test.UserTests@16e7dcfd]" started-at="2023-10-21T13:06:27 IST" name="test_deleteUser" finished-at="2023-10-21T13:06:29 IST" duration-ms="1344" status="PASS">
          <reporter-output>
          </reporter-output>
        </test-method> <!-- test_deleteUser -->
      </class> <!-- api.test.UserTests -->
    </test> <!-- Surefire test -->
  </suite> <!-- Surefire suite -->
</testng-results>
