<?xml version="1.0" encoding="UTF-8"?>
<testsuite xmlns:xsi="http://www.w3.org/2001/XMLSchema-instance" xsi:noNamespaceSchemaLocation="https://maven.apache.org/surefire/maven-surefire-plugin/xsd/surefire-test-report-3.0.xsd" version="3.0" name="TestSuite" time="14.132" tests="4" errors="0" skipped="0" failures="0">
  <properties>
[...]
</properties>
  <testcase name="test_postUser" classname="api.test.UserTests" time="6.041">
    <system-out><![CDATA[13:06:17.368 [main] INFO  api.test.UserTests - Creating user***
HTTP/1.1 200 OK
Date: Sat, 21 Oct 2023 07:36:23 GMT
Content-Type: application/json
Transfer-Encoding: chunked
Connection: keep-alive
Access-Control-Allow-Origin: *
Access-Control-Allow-Methods: GET, POST, DELETE, PUT
Access-Control-Allow-Headers: Content-Type, api_key, Authorization
Server: Jetty(9.2.9.v20150224)

{
    "code": 200,
    "type": "unknown",
    "message": "1092572064"
}
13:06:22.312 [main] INFO  api.test.UserTests - User is created***
13:06:23.401 [main] INFO  api.test.UserTests - Created username is null
]]></system-out>
    <system-err><![CDATA[SLF4J: Failed to load class "org.slf4j.impl.StaticLoggerBinder".
SLF4J: Defaulting to no-operation (NOP) logger implementation
SLF4J: See http://www.slf4j.org/codes.html#StaticLoggerBinder for further details.
log4j:WARN No appenders could be found for logger (org.apache.http.impl.conn.BasicClientConnectionManager).
log4j:WARN Please initialize the log4j system properly.
log4j:WARN See http://logging.apache.org/log4j/1.2/faq.html#noconfig for more info.
]]></system-err>
  </testcase>
  <testcase name="test_getUserByName" classname="api.test.UserTests" time="1.431">
    <system-out><![CDATA[HTTP/1.1 200 OK
Date: Sat, 21 Oct 2023 07:36:25 GMT
Content-Type: application/json
Transfer-Encoding: chunked
Connection: keep-alive
Access-Control-Allow-Origin: *
Access-Control-Allow-Methods: GET, POST, DELETE, PUT
Access-Control-Allow-Headers: Content-Type, api_key, Authorization
Server: Jetty(9.2.9.v20150224)

{
    "id": 1092572064,
    "username": "Randy Gorczany",
    "lastName": "Ledner",
    "email": "kathrin.raynor@yahoo.com",
    "password": "ijjnv7soade4o1w",
    "phone": "551.155.9285 x27366",
    "userStatus": 0
}
]]></system-out>
  </testcase>
  <testcase name="test_updateUserByname" classname="api.test.UserTests" time="2.897">
    <system-out><![CDATA[HTTP/1.1 200 OK
Date: Sat, 21 Oct 2023 07:36:27 GMT
Content-Type: application/json
Transfer-Encoding: chunked
Connection: keep-alive
Access-Control-Allow-Origin: *
Access-Control-Allow-Methods: GET, POST, DELETE, PUT
Access-Control-Allow-Headers: Content-Type, api_key, Authorization
Server: Jetty(9.2.9.v20150224)

{
    "code": 200,
    "type": "unknown",
    "message": "1092572064"
}
HTTP/1.1 200 OK
Date: Sat, 21 Oct 2023 07:36:27 GMT
Content-Type: application/json
Transfer-Encoding: chunked
Connection: keep-alive
Access-Control-Allow-Origin: *
Access-Control-Allow-Methods: GET, POST, DELETE, PUT
Access-Control-Allow-Headers: Content-Type, api_key, Authorization
Server: Jetty(9.2.9.v20150224)

{
    "code": 200,
    "type": "unknown",
    "message": "1092572064"
}
]]></system-out>
  </testcase>
  <testcase name="test_deleteUser" classname="api.test.UserTests" time="1.344">
    <system-out><![CDATA[HTTP/1.1 200 OK
Date: Sat, 21 Oct 2023 07:36:29 GMT
Content-Type: application/json
Transfer-Encoding: chunked
Connection: keep-alive
Access-Control-Allow-Origin: *
Access-Control-Allow-Methods: GET, POST, DELETE, PUT
Access-Control-Allow-Headers: Content-Type, api_key, Authorization
Server: Jetty(9.2.9.v20150224)

{
    "code": 200,
    "type": "unknown",
    "message": "Randy Gorczany"
}
]]></system-out>
  </testcase>
</testsuite>